14:35:00 **** Build of configuration Debug for project arduino-serial-client ****
make all 
Building file: ../arduino-serial.c
Invoking: Cross GCC Compiler
gcc -O0 -g3 -Wall -c -fmessage-length=0 -MMD -MP -MF"arduino-serial.d" -MT"arduino-serial.d" -o "arduino-serial.o" "../arduino-serial.c"
Finished building: ../arduino-serial.c
 
Building file: ../main.cpp
Invoking: Cross G++ Compiler
g++ -O0 -g3 -Wall -c -fmessage-length=0 -MMD -MP -MF"main.d" -MT"main.d" -o "main.o" "../main.cpp"
Finished building: ../main.cpp
 
Building target: arduino-serial-client
Invoking: Cross G++ Linker
g++  -o "arduino-serial-client"  ./arduino-serial.o ./main.o   
./main.o: I funktionen "main":
/home/jani/git/2015-mini-smart-vehicles/group-7/serialConnect/arduino-serial-client/Debug/../main.cpp:64: flera defintioner av "main"
./arduino-serial.o:/home/jani/git/2015-mini-smart-vehicles/group-7/serialConnect/arduino-serial-client/Debug/../arduino-serial.c:68: först definierad här
collect2: error: ld returned 1 exit status
make: *** [arduino-serial-client] Fel 1
14:38:10 **** Build of configuration Debug for project arduino-serial-client-test2 ****
make all 
Building target: arduino-serial-client-test2
Invoking: Cross G++ Linker
g++  -o "arduino-serial-client-test2"  ./arduino-serial.o   
Finished building target: arduino-serial-client-test2
 
14:38:32 **** Incremental Build of configuration Debug for project arduino-serial-client-test2 ****
make all 
make: Inget behöver göras för "all".
